<?xml version="1.0" encoding="UTF-8"?>
<!-- Generated by org.testng.reporters.JUnitReportReporter -->
<testsuite hostname="DESKTOP-UCA2N86" failures="0" tests="1" name="goldbox.Schemeup" time="46.725" errors="0" timestamp="2024-02-03T10:14:06 IST" skipped="0">
  <testcase classname="goldbox.Schemeup" name="Schemeup" time="46.725"/>
  <system-out/>
</testsuite> <!-- goldbox.Schemeup -->
