<?xml version="1.0" encoding="UTF-8"?>
<!-- Generated by org.testng.reporters.JUnitReportReporter -->
<testsuite hostname="DESKTOP-UCA2N86" failures="0" tests="1" name="PomDemo.Scheme" time="16.198" errors="0" timestamp="2024-02-06T15:52:14 IST" skipped="0">
  <testcase classname="PomDemo.Scheme" name="scheme" time="16.198"/>
  <system-out/>
</testsuite> <!-- PomDemo.Scheme -->
