<?xml version="1.0" encoding="UTF-8"?>
<!-- Generated by org.testng.reporters.JUnitReportReporter -->
<testsuite hostname="DESKTOP-UCA2N86" failures="0" tests="1" name="goldbox.Buygold" time="83.324" errors="0" timestamp="2024-01-23T17:38:31 IST" skipped="0">
  <testcase classname="goldbox.Buygold" name="buyGold" time="83.324"/>
  <system-out/>
</testsuite> <!-- goldbox.Buygold -->
